<?xml version="1.0" encoding="UTF-8"?>
<robot generator="Robot 5.0.1 (Python 3.10.5 on win32)" generated="20221007 15:48:18.352" rpa="false" schemaversion="3">
<suite id="s1" name="Swag Labs tests" source="D:\BadinSoft\Projects\Robot-framework\Swag_Labs_tests\Swag_Labs_tests.robot">
<test id="s1-t1" name="Logging in" line="15">
<kw name="Browser startup" library="Test_Setup" type="SETUP">
<kw name="Open Browser" library="SeleniumLibrary">
<arg>${Website}</arg>
<arg>${Browser}</arg>
<doc>Opens a new browser instance to the optional ``url``.</doc>
<msg timestamp="20221007 15:48:18.655" level="INFO">Opening browser 'Chrome' to base url 'https://www.saucedemo.com/'.</msg>
<status status="PASS" starttime="20221007 15:48:18.654" endtime="20221007 15:48:20.355"/>
</kw>
<kw name="Maximize Browser Window" library="SeleniumLibrary">
<doc>Maximizes current browser window.</doc>
<status status="PASS" starttime="20221007 15:48:20.355" endtime="20221007 15:48:20.476"/>
</kw>
<kw name="Set Selenium Speed" library="SeleniumLibrary">
<arg>${Delay}</arg>
<doc>Sets the delay that is waited after each Selenium command.</doc>
<status status="PASS" starttime="20221007 15:48:20.476" endtime="20221007 15:48:20.477"/>
</kw>
<status status="PASS" starttime="20221007 15:48:18.654" endtime="20221007 15:48:20.477"/>
</kw>
<kw name="Set Tags" library="BuiltIn">
<arg>Regression</arg>
<doc>Adds given ``tags`` for the current test or all tests in a suite.</doc>
<msg timestamp="20221007 15:48:20.477" level="INFO">Set tag 'Regression'.</msg>
<status status="PASS" starttime="20221007 15:48:20.477" endtime="20221007 15:48:20.477"/>
</kw>
<kw name="Given User is on" library="Swag_Labs_steps">
<arg>"LoginPage"</arg>
<kw name="Run Keyword And Return If" library="BuiltIn">
<arg>${page}=="LoginPage"</arg>
<arg>Title Should Be</arg>
<arg>Swag Labs</arg>
<doc>Runs the specified keyword and returns from the enclosing user keyword.</doc>
<kw name="Title Should Be" library="SeleniumLibrary">
<arg>Swag Labs</arg>
<doc>Verifies that the current page title equals ``title``.</doc>
<msg timestamp="20221007 15:48:21.495" level="INFO">Page title is 'Swag Labs'.</msg>
<status status="PASS" starttime="20221007 15:48:20.478" endtime="20221007 15:48:21.495"/>
</kw>
<msg timestamp="20221007 15:48:21.495" level="INFO">Returning from the enclosing user keyword.</msg>
<status status="PASS" starttime="20221007 15:48:20.478" endtime="20221007 15:48:21.496"/>
</kw>
<kw name="Run Keyword And Return If" library="BuiltIn">
<arg>${page}=="LoginPage"</arg>
<arg>User is on Homepage</arg>
<doc>Runs the specified keyword and returns from the enclosing user keyword.</doc>
<status status="NOT RUN" starttime="20221007 15:48:21.497" endtime="20221007 15:48:21.497"/>
</kw>
<kw name="Run Keyword And Return If" library="BuiltIn">
<arg>${page}=="Homepage"</arg>
<arg>User is logged in</arg>
<doc>Runs the specified keyword and returns from the enclosing user keyword.</doc>
<status status="NOT RUN" starttime="20221007 15:48:21.497" endtime="20221007 15:48:21.497"/>
</kw>
<kw name="Run Keyword And Return If" library="BuiltIn">
<arg>${page}=="CheckoutPage"</arg>
<arg>User is on checkout page</arg>
<doc>Runs the specified keyword and returns from the enclosing user keyword.</doc>
<status status="NOT RUN" starttime="20221007 15:48:21.498" endtime="20221007 15:48:21.498"/>
</kw>
<status status="PASS" starttime="20221007 15:48:20.478" endtime="20221007 15:48:21.498"/>
</kw>
<kw name="When Insert credentials and log in" library="Swag_Labs_steps">
<kw name="Input Text" library="SeleniumLibrary">
<arg>${usernameInput}</arg>
<arg>${username}</arg>
<doc>Types the given ``text`` into the text field identified by ``locator``.</doc>
<msg timestamp="20221007 15:48:21.500" level="INFO">Typing text 'standard_user' into text field 'xpath://input[@id="user-name"]'.</msg>
<status status="PASS" starttime="20221007 15:48:21.499" endtime="20221007 15:48:24.653"/>
</kw>
<kw name="Input Text" library="SeleniumLibrary">
<arg>${passwordInput}</arg>
<arg>${password}</arg>
<doc>Types the given ``text`` into the text field identified by ``locator``.</doc>
<msg timestamp="20221007 15:48:24.654" level="INFO">Typing text 'secret_sauce' into text field 'xpath://input[@id="password"]'.</msg>
<status status="PASS" starttime="20221007 15:48:24.653" endtime="20221007 15:48:27.795"/>
</kw>
<kw name="Click Element" library="SeleniumLibrary">
<arg>${loginBtn}</arg>
<doc>Click the element identified by ``locator``.</doc>
<msg timestamp="20221007 15:48:27.797" level="INFO">Clicking element 'xpath://input[@id="login-button"]'.</msg>
<status status="PASS" starttime="20221007 15:48:27.796" endtime="20221007 15:48:29.926"/>
</kw>
<status status="PASS" starttime="20221007 15:48:21.499" endtime="20221007 15:48:29.927"/>
</kw>
<kw name="Then User is on" library="Swag_Labs_steps">
<arg>"Homepage"</arg>
<kw name="Run Keyword And Return If" library="BuiltIn">
<arg>${page}=="LoginPage"</arg>
<arg>Title Should Be</arg>
<arg>Swag Labs</arg>
<doc>Runs the specified keyword and returns from the enclosing user keyword.</doc>
<status status="PASS" starttime="20221007 15:48:29.928" endtime="20221007 15:48:29.929"/>
</kw>
<kw name="Run Keyword And Return If" library="BuiltIn">
<arg>${page}=="LoginPage"</arg>
<arg>User is on Homepage</arg>
<doc>Runs the specified keyword and returns from the enclosing user keyword.</doc>
<status status="PASS" starttime="20221007 15:48:29.929" endtime="20221007 15:48:29.930"/>
</kw>
<kw name="Run Keyword And Return If" library="BuiltIn">
<arg>${page}=="Homepage"</arg>
<arg>User is logged in</arg>
<doc>Runs the specified keyword and returns from the enclosing user keyword.</doc>
<kw name="User is logged in" library="Swag_Labs_steps">
<kw name="Element Should Be Visible" library="SeleniumLibrary">
<arg>${inventoryList}</arg>
<doc>Verifies that the element identified by ``locator`` is visible.</doc>
<msg timestamp="20221007 15:48:31.990" level="INFO">Element 'xpath://div[@class="inventory_list"]' is displayed.</msg>
<status status="PASS" starttime="20221007 15:48:29.932" endtime="20221007 15:48:31.990"/>
</kw>
<status status="PASS" starttime="20221007 15:48:29.931" endtime="20221007 15:48:31.991"/>
</kw>
<msg timestamp="20221007 15:48:31.991" level="INFO">Returning from the enclosing user keyword.</msg>
<status status="PASS" starttime="20221007 15:48:29.931" endtime="20221007 15:48:31.991"/>
</kw>
<kw name="Run Keyword And Return If" library="BuiltIn">
<arg>${page}=="CheckoutPage"</arg>
<arg>User is on checkout page</arg>
<doc>Runs the specified keyword and returns from the enclosing user keyword.</doc>
<status status="NOT RUN" starttime="20221007 15:48:31.991" endtime="20221007 15:48:31.991"/>
</kw>
<status status="PASS" starttime="20221007 15:48:29.927" endtime="20221007 15:48:31.991"/>
</kw>
<kw name="Close Browser Window" library="Test_Setup" type="TEARDOWN">
<kw name="Close Browser" library="SeleniumLibrary">
<doc>Closes the current browser.</doc>
<status status="PASS" starttime="20221007 15:48:31.992" endtime="20221007 15:48:35.066"/>
</kw>
<kw name="Log To Console" library="BuiltIn">
<arg>Test Completed</arg>
<doc>Logs the given message to the console.</doc>
<status status="PASS" starttime="20221007 15:48:35.066" endtime="20221007 15:48:35.068"/>
</kw>
<status status="PASS" starttime="20221007 15:48:31.992" endtime="20221007 15:48:35.068"/>
</kw>
<tag>Regression</tag>
<tag>Smoke</tag>
<status status="PASS" starttime="20221007 15:48:18.653" endtime="20221007 15:48:35.068"/>
</test>
<test id="s1-t2" name="Logging in with wrong username" line="22">
<kw name="Browser startup" library="Test_Setup" type="SETUP">
<kw name="Open Browser" library="SeleniumLibrary">
<arg>${Website}</arg>
<arg>${Browser}</arg>
<doc>Opens a new browser instance to the optional ``url``.</doc>
<msg timestamp="20221007 15:48:35.072" level="INFO">Opening browser 'Chrome' to base url 'https://www.saucedemo.com/'.</msg>
<status status="PASS" starttime="20221007 15:48:35.071" endtime="20221007 15:48:37.731"/>
</kw>
<kw name="Maximize Browser Window" library="SeleniumLibrary">
<doc>Maximizes current browser window.</doc>
<status status="PASS" starttime="20221007 15:48:37.731" endtime="20221007 15:48:38.865"/>
</kw>
<kw name="Set Selenium Speed" library="SeleniumLibrary">
<arg>${Delay}</arg>
<doc>Sets the delay that is waited after each Selenium command.</doc>
<status status="PASS" starttime="20221007 15:48:38.865" endtime="20221007 15:48:38.866"/>
</kw>
<status status="PASS" starttime="20221007 15:48:35.070" endtime="20221007 15:48:38.866"/>
</kw>
<kw name="Set Tags" library="BuiltIn">
<arg>Regression</arg>
<doc>Adds given ``tags`` for the current test or all tests in a suite.</doc>
<msg timestamp="20221007 15:48:38.867" level="INFO">Set tag 'Regression'.</msg>
<status status="PASS" starttime="20221007 15:48:38.866" endtime="20221007 15:48:38.868"/>
</kw>
<kw name="Given User is on" library="Swag_Labs_steps">
<arg>"LoginPage"</arg>
<kw name="Run Keyword And Return If" library="BuiltIn">
<arg>${page}=="LoginPage"</arg>
<arg>Title Should Be</arg>
<arg>Swag Labs</arg>
<doc>Runs the specified keyword and returns from the enclosing user keyword.</doc>
<kw name="Title Should Be" library="SeleniumLibrary">
<arg>Swag Labs</arg>
<doc>Verifies that the current page title equals ``title``.</doc>
<msg timestamp="20221007 15:48:39.887" level="INFO">Page title is 'Swag Labs'.</msg>
<status status="PASS" starttime="20221007 15:48:38.869" endtime="20221007 15:48:39.887"/>
</kw>
<msg timestamp="20221007 15:48:39.887" level="INFO">Returning from the enclosing user keyword.</msg>
<status status="PASS" starttime="20221007 15:48:38.869" endtime="20221007 15:48:39.887"/>
</kw>
<kw name="Run Keyword And Return If" library="BuiltIn">
<arg>${page}=="LoginPage"</arg>
<arg>User is on Homepage</arg>
<doc>Runs the specified keyword and returns from the enclosing user keyword.</doc>
<status status="NOT RUN" starttime="20221007 15:48:39.887" endtime="20221007 15:48:39.887"/>
</kw>
<kw name="Run Keyword And Return If" library="BuiltIn">
<arg>${page}=="Homepage"</arg>
<arg>User is logged in</arg>
<doc>Runs the specified keyword and returns from the enclosing user keyword.</doc>
<status status="NOT RUN" starttime="20221007 15:48:39.887" endtime="20221007 15:48:39.887"/>
</kw>
<kw name="Run Keyword And Return If" library="BuiltIn">
<arg>${page}=="CheckoutPage"</arg>
<arg>User is on checkout page</arg>
<doc>Runs the specified keyword and returns from the enclosing user keyword.</doc>
<status status="NOT RUN" starttime="20221007 15:48:39.887" endtime="20221007 15:48:39.887"/>
</kw>
<status status="PASS" starttime="20221007 15:48:38.868" endtime="20221007 15:48:39.888"/>
</kw>
<kw name="When Insert wrong credentials and log in" library="Swag_Labs_steps">
<kw name="Input Text" library="SeleniumLibrary">
<arg>${usernameInput}</arg>
<arg>${wrongUsername}</arg>
<doc>Types the given ``text`` into the text field identified by ``locator``.</doc>
<msg timestamp="20221007 15:48:39.889" level="INFO">Typing text 'aaa' into text field 'xpath://input[@id="user-name"]'.</msg>
<status status="PASS" starttime="20221007 15:48:39.888" endtime="20221007 15:48:43.021"/>
</kw>
<kw name="Input Text" library="SeleniumLibrary">
<arg>${passwordInput}</arg>
<arg>${wrongPassword}</arg>
<doc>Types the given ``text`` into the text field identified by ``locator``.</doc>
<msg timestamp="20221007 15:48:43.022" level="INFO">Typing text 'bbb' into text field 'xpath://input[@id="password"]'.</msg>
<status status="PASS" starttime="20221007 15:48:43.022" endtime="20221007 15:48:46.161"/>
</kw>
<kw name="Click Element" library="SeleniumLibrary">
<arg>${loginBtn}</arg>
<doc>Click the element identified by ``locator``.</doc>
<msg timestamp="20221007 15:48:46.163" level="INFO">Clicking element 'xpath://input[@id="login-button"]'.</msg>
<status status="PASS" starttime="20221007 15:48:46.162" endtime="20221007 15:48:48.256"/>
</kw>
<status status="PASS" starttime="20221007 15:48:39.888" endtime="20221007 15:48:48.257"/>
</kw>
<kw name="Then Wrong credentials notification is visible" library="Swag_Labs_steps">
<kw name="Element Should Be Visible" library="SeleniumLibrary">
<arg>${wrongCredentialsNotification}</arg>
<doc>Verifies that the element identified by ``locator`` is visible.</doc>
<msg timestamp="20221007 15:48:50.311" level="INFO">Element 'xpath://h3[@data-test="error"]' is displayed.</msg>
<status status="PASS" starttime="20221007 15:48:48.258" endtime="20221007 15:48:50.311"/>
</kw>
<kw name="Element Text Should Be" library="SeleniumLibrary">
<arg>${wrongCredentialsNotification}</arg>
<arg>Epic sadface: Username and password do not match any user in this service</arg>
<doc>Verifies that element ``locator`` contains exact the text ``expected``.</doc>
<msg timestamp="20221007 15:48:50.311" level="WARN">Keyword 'Element Text Should Be' found both from a custom library 'SeleniumLibrary' and a standard library 'XML'. The custom keyword is used. To select explicitly, and to get rid of this warning, use either 'SeleniumLibrary.Element Text Should Be' or 'XML.Element Text Should Be'.</msg>
<msg timestamp="20221007 15:48:50.312" level="INFO">Verifying element 'xpath://h3[@data-test="error"]' contains exact text 'Epic sadface: Username and password do not match any user in this service'.</msg>
<status status="PASS" starttime="20221007 15:48:50.311" endtime="20221007 15:48:52.368"/>
</kw>
<status status="PASS" starttime="20221007 15:48:48.258" endtime="20221007 15:48:52.368"/>
</kw>
<kw name="Close Browser Window" library="Test_Setup" type="TEARDOWN">
<kw name="Close Browser" library="SeleniumLibrary">
<doc>Closes the current browser.</doc>
<status status="PASS" starttime="20221007 15:48:52.370" endtime="20221007 15:48:55.442"/>
</kw>
<kw name="Log To Console" library="BuiltIn">
<arg>Test Completed</arg>
<doc>Logs the given message to the console.</doc>
<status status="PASS" starttime="20221007 15:48:55.442" endtime="20221007 15:48:55.443"/>
</kw>
<status status="PASS" starttime="20221007 15:48:52.369" endtime="20221007 15:48:55.443"/>
</kw>
<tag>Regression</tag>
<tag>Smoke</tag>
<status status="PASS" starttime="20221007 15:48:35.069" endtime="20221007 15:48:55.443"/>
</test>
<test id="s1-t3" name="Check going to item page" line="29">
<kw name="Browser startup" library="Test_Setup" type="SETUP">
<kw name="Open Browser" library="SeleniumLibrary">
<arg>${Website}</arg>
<arg>${Browser}</arg>
<doc>Opens a new browser instance to the optional ``url``.</doc>
<msg timestamp="20221007 15:48:55.447" level="INFO">Opening browser 'Chrome' to base url 'https://www.saucedemo.com/'.</msg>
<status status="PASS" starttime="20221007 15:48:55.446" endtime="20221007 15:48:58.287"/>
</kw>
<kw name="Maximize Browser Window" library="SeleniumLibrary">
<doc>Maximizes current browser window.</doc>
<status status="PASS" starttime="20221007 15:48:58.287" endtime="20221007 15:48:59.420"/>
</kw>
<kw name="Set Selenium Speed" library="SeleniumLibrary">
<arg>${Delay}</arg>
<doc>Sets the delay that is waited after each Selenium command.</doc>
<status status="PASS" starttime="20221007 15:48:59.420" endtime="20221007 15:48:59.421"/>
</kw>
<status status="PASS" starttime="20221007 15:48:55.445" endtime="20221007 15:48:59.421"/>
</kw>
<kw name="Set Tags" library="BuiltIn">
<arg>Regression</arg>
<doc>Adds given ``tags`` for the current test or all tests in a suite.</doc>
<msg timestamp="20221007 15:48:59.422" level="INFO">Set tag 'Regression'.</msg>
<status status="PASS" starttime="20221007 15:48:59.421" endtime="20221007 15:48:59.422"/>
</kw>
<kw name="Given User is on" library="Swag_Labs_steps">
<arg>"LoginPage"</arg>
<kw name="Run Keyword And Return If" library="BuiltIn">
<arg>${page}=="LoginPage"</arg>
<arg>Title Should Be</arg>
<arg>Swag Labs</arg>
<doc>Runs the specified keyword and returns from the enclosing user keyword.</doc>
<kw name="Title Should Be" library="SeleniumLibrary">
<arg>Swag Labs</arg>
<doc>Verifies that the current page title equals ``title``.</doc>
<msg timestamp="20221007 15:49:00.446" level="INFO">Page title is 'Swag Labs'.</msg>
<status status="PASS" starttime="20221007 15:48:59.423" endtime="20221007 15:49:00.446"/>
</kw>
<msg timestamp="20221007 15:49:00.447" level="INFO">Returning from the enclosing user keyword.</msg>
<status status="PASS" starttime="20221007 15:48:59.422" endtime="20221007 15:49:00.447"/>
</kw>
<kw name="Run Keyword And Return If" library="BuiltIn">
<arg>${page}=="LoginPage"</arg>
<arg>User is on Homepage</arg>
<doc>Runs the specified keyword and returns from the enclosing user keyword.</doc>
<status status="NOT RUN" starttime="20221007 15:49:00.448" endtime="20221007 15:49:00.448"/>
</kw>
<kw name="Run Keyword And Return If" library="BuiltIn">
<arg>${page}=="Homepage"</arg>
<arg>User is logged in</arg>
<doc>Runs the specified keyword and returns from the enclosing user keyword.</doc>
<status status="NOT RUN" starttime="20221007 15:49:00.448" endtime="20221007 15:49:00.448"/>
</kw>
<kw name="Run Keyword And Return If" library="BuiltIn">
<arg>${page}=="CheckoutPage"</arg>
<arg>User is on checkout page</arg>
<doc>Runs the specified keyword and returns from the enclosing user keyword.</doc>
<status status="NOT RUN" starttime="20221007 15:49:00.449" endtime="20221007 15:49:00.449"/>
</kw>
<status status="PASS" starttime="20221007 15:48:59.422" endtime="20221007 15:49:00.449"/>
</kw>
<kw name="And Insert credentials and log in" library="Swag_Labs_steps">
<kw name="Input Text" library="SeleniumLibrary">
<arg>${usernameInput}</arg>
<arg>${username}</arg>
<doc>Types the given ``text`` into the text field identified by ``locator``.</doc>
<msg timestamp="20221007 15:49:00.451" level="INFO">Typing text 'standard_user' into text field 'xpath://input[@id="user-name"]'.</msg>
<status status="PASS" starttime="20221007 15:49:00.450" endtime="20221007 15:49:03.604"/>
</kw>
<kw name="Input Text" library="SeleniumLibrary">
<arg>${passwordInput}</arg>
<arg>${password}</arg>
<doc>Types the given ``text`` into the text field identified by ``locator``.</doc>
<msg timestamp="20221007 15:49:03.606" level="INFO">Typing text 'secret_sauce' into text field 'xpath://input[@id="password"]'.</msg>
<status status="PASS" starttime="20221007 15:49:03.605" endtime="20221007 15:49:06.775"/>
</kw>
<kw name="Click Element" library="SeleniumLibrary">
<arg>${loginBtn}</arg>
<doc>Click the element identified by ``locator``.</doc>
<msg timestamp="20221007 15:49:06.776" level="INFO">Clicking element 'xpath://input[@id="login-button"]'.</msg>
<status status="PASS" starttime="20221007 15:49:06.775" endtime="20221007 15:49:08.920"/>
</kw>
<status status="PASS" starttime="20221007 15:49:00.450" endtime="20221007 15:49:08.920"/>
</kw>
<kw name="When User clicks on item" library="Swag_Labs_steps">
<kw name="Click Element" library="SeleniumLibrary">
<arg>${backpackItem}</arg>
<doc>Click the element identified by ``locator``.</doc>
<msg timestamp="20221007 15:49:08.922" level="INFO">Clicking element 'xpath://img[@alt='Sauce Labs Backpack']'.</msg>
<status status="PASS" starttime="20221007 15:49:08.921" endtime="20221007 15:49:11.000"/>
</kw>
<status status="PASS" starttime="20221007 15:49:08.920" endtime="20221007 15:49:11.000"/>
</kw>
<kw name="Then User is on product page" library="Swag_Labs_steps">
<kw name="Element Text Should Be" library="SeleniumLibrary">
<arg>${productName}</arg>
<arg>Sauce Labs Backpack</arg>
<doc>Verifies that element ``locator`` contains exact the text ``expected``.</doc>
<msg timestamp="20221007 15:49:11.001" level="WARN">Keyword 'Element Text Should Be' found both from a custom library 'SeleniumLibrary' and a standard library 'XML'. The custom keyword is used. To select explicitly, and to get rid of this warning, use either 'SeleniumLibrary.Element Text Should Be' or 'XML.Element Text Should Be'.</msg>
<msg timestamp="20221007 15:49:11.002" level="INFO">Verifying element 'xpath://div[@class="inventory_details_name large_size"]' contains exact text 'Sauce Labs Backpack'.</msg>
<status status="PASS" starttime="20221007 15:49:11.001" endtime="20221007 15:49:13.051"/>
</kw>
<kw name="Element Should Be Visible" library="SeleniumLibrary">
<arg>${backpackItem}</arg>
<doc>Verifies that the element identified by ``locator`` is visible.</doc>
<msg timestamp="20221007 15:49:15.096" level="INFO">Element 'xpath://img[@alt='Sauce Labs Backpack']' is displayed.</msg>
<status status="PASS" starttime="20221007 15:49:13.051" endtime="20221007 15:49:15.097"/>
</kw>
<status status="PASS" starttime="20221007 15:49:11.001" endtime="20221007 15:49:15.098"/>
</kw>
<kw name="Close Browser Window" library="Test_Setup" type="TEARDOWN">
<kw name="Close Browser" library="SeleniumLibrary">
<doc>Closes the current browser.</doc>
<status status="PASS" starttime="20221007 15:49:15.099" endtime="20221007 15:49:18.187"/>
</kw>
<kw name="Log To Console" library="BuiltIn">
<arg>Test Completed</arg>
<doc>Logs the given message to the console.</doc>
<status status="PASS" starttime="20221007 15:49:18.188" endtime="20221007 15:49:18.189"/>
</kw>
<status status="PASS" starttime="20221007 15:49:15.098" endtime="20221007 15:49:18.189"/>
</kw>
<tag>Regression</tag>
<tag>Smoke</tag>
<status status="PASS" starttime="20221007 15:48:55.444" endtime="20221007 15:49:18.189"/>
</test>
<test id="s1-t4" name="Check adding to cart" line="37">
<kw name="Browser startup" library="Test_Setup" type="SETUP">
<kw name="Open Browser" library="SeleniumLibrary">
<arg>${Website}</arg>
<arg>${Browser}</arg>
<doc>Opens a new browser instance to the optional ``url``.</doc>
<msg timestamp="20221007 15:49:18.192" level="INFO">Opening browser 'Chrome' to base url 'https://www.saucedemo.com/'.</msg>
<status status="PASS" starttime="20221007 15:49:18.192" endtime="20221007 15:49:20.747"/>
</kw>
<kw name="Maximize Browser Window" library="SeleniumLibrary">
<doc>Maximizes current browser window.</doc>
<status status="PASS" starttime="20221007 15:49:20.747" endtime="20221007 15:49:21.886"/>
</kw>
<kw name="Set Selenium Speed" library="SeleniumLibrary">
<arg>${Delay}</arg>
<doc>Sets the delay that is waited after each Selenium command.</doc>
<status status="PASS" starttime="20221007 15:49:21.886" endtime="20221007 15:49:21.886"/>
</kw>
<status status="PASS" starttime="20221007 15:49:18.191" endtime="20221007 15:49:21.886"/>
</kw>
<kw name="Set Tags" library="BuiltIn">
<arg>Regression</arg>
<doc>Adds given ``tags`` for the current test or all tests in a suite.</doc>
<msg timestamp="20221007 15:49:21.887" level="INFO">Set tag 'Regression'.</msg>
<status status="PASS" starttime="20221007 15:49:21.886" endtime="20221007 15:49:21.887"/>
</kw>
<kw name="Given User is on" library="Swag_Labs_steps">
<arg>"LoginPage"</arg>
<kw name="Run Keyword And Return If" library="BuiltIn">
<arg>${page}=="LoginPage"</arg>
<arg>Title Should Be</arg>
<arg>Swag Labs</arg>
<doc>Runs the specified keyword and returns from the enclosing user keyword.</doc>
<kw name="Title Should Be" library="SeleniumLibrary">
<arg>Swag Labs</arg>
<doc>Verifies that the current page title equals ``title``.</doc>
<msg timestamp="20221007 15:49:22.909" level="INFO">Page title is 'Swag Labs'.</msg>
<status status="PASS" starttime="20221007 15:49:21.888" endtime="20221007 15:49:22.909"/>
</kw>
<msg timestamp="20221007 15:49:22.909" level="INFO">Returning from the enclosing user keyword.</msg>
<status status="PASS" starttime="20221007 15:49:21.888" endtime="20221007 15:49:22.909"/>
</kw>
<kw name="Run Keyword And Return If" library="BuiltIn">
<arg>${page}=="LoginPage"</arg>
<arg>User is on Homepage</arg>
<doc>Runs the specified keyword and returns from the enclosing user keyword.</doc>
<status status="NOT RUN" starttime="20221007 15:49:22.909" endtime="20221007 15:49:22.909"/>
</kw>
<kw name="Run Keyword And Return If" library="BuiltIn">
<arg>${page}=="Homepage"</arg>
<arg>User is logged in</arg>
<doc>Runs the specified keyword and returns from the enclosing user keyword.</doc>
<status status="NOT RUN" starttime="20221007 15:49:22.911" endtime="20221007 15:49:22.911"/>
</kw>
<kw name="Run Keyword And Return If" library="BuiltIn">
<arg>${page}=="CheckoutPage"</arg>
<arg>User is on checkout page</arg>
<doc>Runs the specified keyword and returns from the enclosing user keyword.</doc>
<status status="NOT RUN" starttime="20221007 15:49:22.911" endtime="20221007 15:49:22.911"/>
</kw>
<status status="PASS" starttime="20221007 15:49:21.887" endtime="20221007 15:49:22.911"/>
</kw>
<kw name="And Insert credentials and log in" library="Swag_Labs_steps">
<kw name="Input Text" library="SeleniumLibrary">
<arg>${usernameInput}</arg>
<arg>${username}</arg>
<doc>Types the given ``text`` into the text field identified by ``locator``.</doc>
<msg timestamp="20221007 15:49:22.913" level="INFO">Typing text 'standard_user' into text field 'xpath://input[@id="user-name"]'.</msg>
<status status="PASS" starttime="20221007 15:49:22.912" endtime="20221007 15:49:26.061"/>
</kw>
<kw name="Input Text" library="SeleniumLibrary">
<arg>${passwordInput}</arg>
<arg>${password}</arg>
<doc>Types the given ``text`` into the text field identified by ``locator``.</doc>
<msg timestamp="20221007 15:49:26.064" level="INFO">Typing text 'secret_sauce' into text field 'xpath://input[@id="password"]'.</msg>
<status status="PASS" starttime="20221007 15:49:26.061" endtime="20221007 15:49:29.228"/>
</kw>
<kw name="Click Element" library="SeleniumLibrary">
<arg>${loginBtn}</arg>
<doc>Click the element identified by ``locator``.</doc>
<msg timestamp="20221007 15:49:29.229" level="INFO">Clicking element 'xpath://input[@id="login-button"]'.</msg>
<status status="PASS" starttime="20221007 15:49:29.228" endtime="20221007 15:49:31.400"/>
</kw>
<status status="PASS" starttime="20221007 15:49:22.912" endtime="20221007 15:49:31.401"/>
</kw>
<kw name="When User adds product to cart" library="Swag_Labs_steps">
<kw name="Click Element" library="SeleniumLibrary">
<arg>${addToCartBtn}</arg>
<doc>Click the element identified by ``locator``.</doc>
<msg timestamp="20221007 15:49:31.402" level="INFO">Clicking element 'xpath://button[@name="add-to-cart-sauce-labs-backpack"]'.</msg>
<status status="PASS" starttime="20221007 15:49:31.402" endtime="20221007 15:49:33.478"/>
</kw>
<status status="PASS" starttime="20221007 15:49:31.401" endtime="20221007 15:49:33.479"/>
</kw>
<kw name="Then Product can be found in cart" library="Swag_Labs_steps">
<kw name="Element Should Be Visible" library="SeleniumLibrary">
<arg>${removeBtn}</arg>
<doc>Verifies that the element identified by ``locator`` is visible.</doc>
<msg timestamp="20221007 15:49:35.533" level="INFO">Element 'xpath://button[@name="remove-sauce-labs-backpack"]' is displayed.</msg>
<status status="PASS" starttime="20221007 15:49:33.480" endtime="20221007 15:49:35.534"/>
</kw>
<kw name="Element Text Should Be" library="SeleniumLibrary">
<arg>${removeBtn}</arg>
<arg>REMOVE</arg>
<doc>Verifies that element ``locator`` contains exact the text ``expected``.</doc>
<msg timestamp="20221007 15:49:35.534" level="WARN">Keyword 'Element Text Should Be' found both from a custom library 'SeleniumLibrary' and a standard library 'XML'. The custom keyword is used. To select explicitly, and to get rid of this warning, use either 'SeleniumLibrary.Element Text Should Be' or 'XML.Element Text Should Be'.</msg>
<msg timestamp="20221007 15:49:35.535" level="INFO">Verifying element 'xpath://button[@name="remove-sauce-labs-backpack"]' contains exact text 'REMOVE'.</msg>
<status status="PASS" starttime="20221007 15:49:35.534" endtime="20221007 15:49:37.586"/>
</kw>
<kw name="Click Element" library="SeleniumLibrary">
<arg>${cartBtn}</arg>
<doc>Click the element identified by ``locator``.</doc>
<msg timestamp="20221007 15:49:37.587" level="INFO">Clicking element 'xpath://a[@class="shopping_cart_link"]'.</msg>
<status status="PASS" starttime="20221007 15:49:37.586" endtime="20221007 15:49:39.662"/>
</kw>
<kw name="Element Should Be Visible" library="SeleniumLibrary">
<arg>${productNameInCart}</arg>
<doc>Verifies that the element identified by ``locator`` is visible.</doc>
<msg timestamp="20221007 15:49:41.727" level="INFO">Element 'xpath://div[@class="inventory_item_name"]' is displayed.</msg>
<status status="PASS" starttime="20221007 15:49:39.663" endtime="20221007 15:49:41.727"/>
</kw>
<kw name="Element Text Should Be" library="SeleniumLibrary">
<arg>${productNameInCart}</arg>
<arg>Sauce Labs Backpack</arg>
<doc>Verifies that element ``locator`` contains exact the text ``expected``.</doc>
<msg timestamp="20221007 15:49:41.728" level="WARN">Keyword 'Element Text Should Be' found both from a custom library 'SeleniumLibrary' and a standard library 'XML'. The custom keyword is used. To select explicitly, and to get rid of this warning, use either 'SeleniumLibrary.Element Text Should Be' or 'XML.Element Text Should Be'.</msg>
<msg timestamp="20221007 15:49:41.731" level="INFO">Verifying element 'xpath://div[@class="inventory_item_name"]' contains exact text 'Sauce Labs Backpack'.</msg>
<status status="PASS" starttime="20221007 15:49:41.728" endtime="20221007 15:49:43.787"/>
</kw>
<status status="PASS" starttime="20221007 15:49:33.479" endtime="20221007 15:49:43.787"/>
</kw>
<kw name="Close Browser Window" library="Test_Setup" type="TEARDOWN">
<kw name="Close Browser" library="SeleniumLibrary">
<doc>Closes the current browser.</doc>
<status status="PASS" starttime="20221007 15:49:43.788" endtime="20221007 15:49:46.864"/>
</kw>
<kw name="Log To Console" library="BuiltIn">
<arg>Test Completed</arg>
<doc>Logs the given message to the console.</doc>
<status status="PASS" starttime="20221007 15:49:46.864" endtime="20221007 15:49:46.864"/>
</kw>
<status status="PASS" starttime="20221007 15:49:43.788" endtime="20221007 15:49:46.864"/>
</kw>
<tag>Regression</tag>
<tag>Smoke</tag>
<status status="PASS" starttime="20221007 15:49:18.190" endtime="20221007 15:49:46.866"/>
</test>
<test id="s1-t5" name="Check ordering a product" line="45">
<kw name="Browser startup" library="Test_Setup" type="SETUP">
<kw name="Open Browser" library="SeleniumLibrary">
<arg>${Website}</arg>
<arg>${Browser}</arg>
<doc>Opens a new browser instance to the optional ``url``.</doc>
<msg timestamp="20221007 15:49:46.870" level="INFO">Opening browser 'Chrome' to base url 'https://www.saucedemo.com/'.</msg>
<status status="PASS" starttime="20221007 15:49:46.868" endtime="20221007 15:49:49.455"/>
</kw>
<kw name="Maximize Browser Window" library="SeleniumLibrary">
<doc>Maximizes current browser window.</doc>
<status status="PASS" starttime="20221007 15:49:49.455" endtime="20221007 15:49:50.588"/>
</kw>
<kw name="Set Selenium Speed" library="SeleniumLibrary">
<arg>${Delay}</arg>
<doc>Sets the delay that is waited after each Selenium command.</doc>
<status status="PASS" starttime="20221007 15:49:50.589" endtime="20221007 15:49:50.590"/>
</kw>
<status status="PASS" starttime="20221007 15:49:46.867" endtime="20221007 15:49:50.590"/>
</kw>
<kw name="Set Tags" library="BuiltIn">
<arg>Regression</arg>
<doc>Adds given ``tags`` for the current test or all tests in a suite.</doc>
<msg timestamp="20221007 15:49:50.591" level="INFO">Set tag 'Regression'.</msg>
<status status="PASS" starttime="20221007 15:49:50.590" endtime="20221007 15:49:50.591"/>
</kw>
<kw name="Given User is on" library="Swag_Labs_steps">
<arg>"LoginPage"</arg>
<kw name="Run Keyword And Return If" library="BuiltIn">
<arg>${page}=="LoginPage"</arg>
<arg>Title Should Be</arg>
<arg>Swag Labs</arg>
<doc>Runs the specified keyword and returns from the enclosing user keyword.</doc>
<kw name="Title Should Be" library="SeleniumLibrary">
<arg>Swag Labs</arg>
<doc>Verifies that the current page title equals ``title``.</doc>
<msg timestamp="20221007 15:49:51.614" level="INFO">Page title is 'Swag Labs'.</msg>
<status status="PASS" starttime="20221007 15:49:50.593" endtime="20221007 15:49:51.614"/>
</kw>
<msg timestamp="20221007 15:49:51.614" level="INFO">Returning from the enclosing user keyword.</msg>
<status status="PASS" starttime="20221007 15:49:50.592" endtime="20221007 15:49:51.614"/>
</kw>
<kw name="Run Keyword And Return If" library="BuiltIn">
<arg>${page}=="LoginPage"</arg>
<arg>User is on Homepage</arg>
<doc>Runs the specified keyword and returns from the enclosing user keyword.</doc>
<status status="NOT RUN" starttime="20221007 15:49:51.615" endtime="20221007 15:49:51.615"/>
</kw>
<kw name="Run Keyword And Return If" library="BuiltIn">
<arg>${page}=="Homepage"</arg>
<arg>User is logged in</arg>
<doc>Runs the specified keyword and returns from the enclosing user keyword.</doc>
<status status="NOT RUN" starttime="20221007 15:49:51.615" endtime="20221007 15:49:51.615"/>
</kw>
<kw name="Run Keyword And Return If" library="BuiltIn">
<arg>${page}=="CheckoutPage"</arg>
<arg>User is on checkout page</arg>
<doc>Runs the specified keyword and returns from the enclosing user keyword.</doc>
<status status="NOT RUN" starttime="20221007 15:49:51.615" endtime="20221007 15:49:51.615"/>
</kw>
<status status="PASS" starttime="20221007 15:49:50.592" endtime="20221007 15:49:51.615"/>
</kw>
<kw name="And Insert credentials and log in" library="Swag_Labs_steps">
<kw name="Input Text" library="SeleniumLibrary">
<arg>${usernameInput}</arg>
<arg>${username}</arg>
<doc>Types the given ``text`` into the text field identified by ``locator``.</doc>
<msg timestamp="20221007 15:49:51.616" level="INFO">Typing text 'standard_user' into text field 'xpath://input[@id="user-name"]'.</msg>
<status status="PASS" starttime="20221007 15:49:51.616" endtime="20221007 15:49:54.765"/>
</kw>
<kw name="Input Text" library="SeleniumLibrary">
<arg>${passwordInput}</arg>
<arg>${password}</arg>
<doc>Types the given ``text`` into the text field identified by ``locator``.</doc>
<msg timestamp="20221007 15:49:54.766" level="INFO">Typing text 'secret_sauce' into text field 'xpath://input[@id="password"]'.</msg>
<status status="PASS" starttime="20221007 15:49:54.765" endtime="20221007 15:49:57.929"/>
</kw>
<kw name="Click Element" library="SeleniumLibrary">
<arg>${loginBtn}</arg>
<doc>Click the element identified by ``locator``.</doc>
<msg timestamp="20221007 15:49:57.930" level="INFO">Clicking element 'xpath://input[@id="login-button"]'.</msg>
<status status="PASS" starttime="20221007 15:49:57.929" endtime="20221007 15:50:00.091"/>
</kw>
<status status="PASS" starttime="20221007 15:49:51.615" endtime="20221007 15:50:00.091"/>
</kw>
<kw name="When User orders a product" library="Swag_Labs_steps">
<kw name="User adds product to cart" library="Swag_Labs_steps">
<kw name="Click Element" library="SeleniumLibrary">
<arg>${addToCartBtn}</arg>
<doc>Click the element identified by ``locator``.</doc>
<msg timestamp="20221007 15:50:00.095" level="INFO">Clicking element 'xpath://button[@name="add-to-cart-sauce-labs-backpack"]'.</msg>
<status status="PASS" starttime="20221007 15:50:00.094" endtime="20221007 15:50:02.170"/>
</kw>
<status status="PASS" starttime="20221007 15:50:00.093" endtime="20221007 15:50:02.170"/>
</kw>
<kw name="Product can be found in cart" library="Swag_Labs_steps">
<kw name="Element Should Be Visible" library="SeleniumLibrary">
<arg>${removeBtn}</arg>
<doc>Verifies that the element identified by ``locator`` is visible.</doc>
<msg timestamp="20221007 15:50:04.223" level="INFO">Element 'xpath://button[@name="remove-sauce-labs-backpack"]' is displayed.</msg>
<status status="PASS" starttime="20221007 15:50:02.171" endtime="20221007 15:50:04.223"/>
</kw>
<kw name="Element Text Should Be" library="SeleniumLibrary">
<arg>${removeBtn}</arg>
<arg>REMOVE</arg>
<doc>Verifies that element ``locator`` contains exact the text ``expected``.</doc>
<msg timestamp="20221007 15:50:04.223" level="WARN">Keyword 'Element Text Should Be' found both from a custom library 'SeleniumLibrary' and a standard library 'XML'. The custom keyword is used. To select explicitly, and to get rid of this warning, use either 'SeleniumLibrary.Element Text Should Be' or 'XML.Element Text Should Be'.</msg>
<msg timestamp="20221007 15:50:04.224" level="INFO">Verifying element 'xpath://button[@name="remove-sauce-labs-backpack"]' contains exact text 'REMOVE'.</msg>
<status status="PASS" starttime="20221007 15:50:04.223" endtime="20221007 15:50:06.284"/>
</kw>
<kw name="Click Element" library="SeleniumLibrary">
<arg>${cartBtn}</arg>
<doc>Click the element identified by ``locator``.</doc>
<msg timestamp="20221007 15:50:06.285" level="INFO">Clicking element 'xpath://a[@class="shopping_cart_link"]'.</msg>
<status status="PASS" starttime="20221007 15:50:06.284" endtime="20221007 15:50:08.377"/>
</kw>
<kw name="Element Should Be Visible" library="SeleniumLibrary">
<arg>${productNameInCart}</arg>
<doc>Verifies that the element identified by ``locator`` is visible.</doc>
<msg timestamp="20221007 15:50:10.438" level="INFO">Element 'xpath://div[@class="inventory_item_name"]' is displayed.</msg>
<status status="PASS" starttime="20221007 15:50:08.377" endtime="20221007 15:50:10.438"/>
</kw>
<kw name="Element Text Should Be" library="SeleniumLibrary">
<arg>${productNameInCart}</arg>
<arg>Sauce Labs Backpack</arg>
<doc>Verifies that element ``locator`` contains exact the text ``expected``.</doc>
<msg timestamp="20221007 15:50:10.438" level="WARN">Keyword 'Element Text Should Be' found both from a custom library 'SeleniumLibrary' and a standard library 'XML'. The custom keyword is used. To select explicitly, and to get rid of this warning, use either 'SeleniumLibrary.Element Text Should Be' or 'XML.Element Text Should Be'.</msg>
<msg timestamp="20221007 15:50:10.439" level="INFO">Verifying element 'xpath://div[@class="inventory_item_name"]' contains exact text 'Sauce Labs Backpack'.</msg>
<status status="PASS" starttime="20221007 15:50:10.438" endtime="20221007 15:50:12.484"/>
</kw>
<status status="PASS" starttime="20221007 15:50:02.170" endtime="20221007 15:50:12.485"/>
</kw>
<kw name="Click Element" library="SeleniumLibrary">
<arg>${checkoutBtn}</arg>
<doc>Click the element identified by ``locator``.</doc>
<msg timestamp="20221007 15:50:12.486" level="INFO">Clicking element 'xpath://button[@name="checkout"]'.</msg>
<status status="PASS" starttime="20221007 15:50:12.485" endtime="20221007 15:50:14.575"/>
</kw>
<kw name="Input Text" library="SeleniumLibrary">
<arg>${firstNameInput}</arg>
<arg>Marko</arg>
<doc>Types the given ``text`` into the text field identified by ``locator``.</doc>
<msg timestamp="20221007 15:50:14.575" level="INFO">Typing text 'Marko' into text field 'xpath://input[@placeholder="First Name"]'.</msg>
<status status="PASS" starttime="20221007 15:50:14.575" endtime="20221007 15:50:17.714"/>
</kw>
<kw name="Input Text" library="SeleniumLibrary">
<arg>${lastNameInput}</arg>
<arg>Vuckovic</arg>
<doc>Types the given ``text`` into the text field identified by ``locator``.</doc>
<msg timestamp="20221007 15:50:17.715" level="INFO">Typing text 'Vuckovic' into text field 'xpath://input[@placeholder="Last Name"]'.</msg>
<status status="PASS" starttime="20221007 15:50:17.714" endtime="20221007 15:50:20.878"/>
</kw>
<kw name="Input Text" library="SeleniumLibrary">
<arg>${zipCodeInput}</arg>
<arg>18000</arg>
<doc>Types the given ``text`` into the text field identified by ``locator``.</doc>
<msg timestamp="20221007 15:50:20.880" level="INFO">Typing text '18000' into text field 'xpath://input[@placeholder="Zip/Postal Code"]'.</msg>
<status status="PASS" starttime="20221007 15:50:20.879" endtime="20221007 15:50:24.032"/>
</kw>
<kw name="Click Element" library="SeleniumLibrary">
<arg>${continueBtn}</arg>
<doc>Click the element identified by ``locator``.</doc>
<msg timestamp="20221007 15:50:24.032" level="INFO">Clicking element 'xpath://input[@name="continue"]'.</msg>
<status status="PASS" starttime="20221007 15:50:24.032" endtime="20221007 15:50:26.125"/>
</kw>
<kw name="Element Should Be Visible" library="SeleniumLibrary">
<arg>${productNameInCart}</arg>
<doc>Verifies that the element identified by ``locator`` is visible.</doc>
<msg timestamp="20221007 15:50:28.180" level="INFO">Element 'xpath://div[@class="inventory_item_name"]' is displayed.</msg>
<status status="PASS" starttime="20221007 15:50:26.126" endtime="20221007 15:50:28.180"/>
</kw>
<kw name="Element Text Should Be" library="SeleniumLibrary">
<arg>${productNameInCart}</arg>
<arg>Sauce Labs Backpack</arg>
<doc>Verifies that element ``locator`` contains exact the text ``expected``.</doc>
<msg timestamp="20221007 15:50:28.180" level="WARN">Keyword 'Element Text Should Be' found both from a custom library 'SeleniumLibrary' and a standard library 'XML'. The custom keyword is used. To select explicitly, and to get rid of this warning, use either 'SeleniumLibrary.Element Text Should Be' or 'XML.Element Text Should Be'.</msg>
<msg timestamp="20221007 15:50:28.182" level="INFO">Verifying element 'xpath://div[@class="inventory_item_name"]' contains exact text 'Sauce Labs Backpack'.</msg>
<status status="PASS" starttime="20221007 15:50:28.180" endtime="20221007 15:50:30.248"/>
</kw>
<kw name="Click Element" library="SeleniumLibrary">
<arg>${finishBtn}</arg>
<doc>Click the element identified by ``locator``.</doc>
<msg timestamp="20221007 15:50:30.249" level="INFO">Clicking element 'xpath://button[@name="finish"]'.</msg>
<status status="PASS" starttime="20221007 15:50:30.248" endtime="20221007 15:50:32.330"/>
</kw>
<status status="PASS" starttime="20221007 15:50:00.092" endtime="20221007 15:50:32.330"/>
</kw>
<kw name="Then User is on" library="Swag_Labs_steps">
<arg>"CheckoutPage"</arg>
<kw name="Run Keyword And Return If" library="BuiltIn">
<arg>${page}=="LoginPage"</arg>
<arg>Title Should Be</arg>
<arg>Swag Labs</arg>
<doc>Runs the specified keyword and returns from the enclosing user keyword.</doc>
<status status="PASS" starttime="20221007 15:50:32.331" endtime="20221007 15:50:32.332"/>
</kw>
<kw name="Run Keyword And Return If" library="BuiltIn">
<arg>${page}=="LoginPage"</arg>
<arg>User is on Homepage</arg>
<doc>Runs the specified keyword and returns from the enclosing user keyword.</doc>
<status status="PASS" starttime="20221007 15:50:32.332" endtime="20221007 15:50:32.333"/>
</kw>
<kw name="Run Keyword And Return If" library="BuiltIn">
<arg>${page}=="Homepage"</arg>
<arg>User is logged in</arg>
<doc>Runs the specified keyword and returns from the enclosing user keyword.</doc>
<status status="PASS" starttime="20221007 15:50:32.333" endtime="20221007 15:50:32.334"/>
</kw>
<kw name="Run Keyword And Return If" library="BuiltIn">
<arg>${page}=="CheckoutPage"</arg>
<arg>User is on checkout page</arg>
<doc>Runs the specified keyword and returns from the enclosing user keyword.</doc>
<kw name="User is on checkout page" library="Swag_Labs_steps">
<kw name="Element Should Be Visible" library="SeleniumLibrary">
<arg>${ponyExpressImage}</arg>
<doc>Verifies that the element identified by ``locator`` is visible.</doc>
<msg timestamp="20221007 15:50:34.393" level="INFO">Element 'xpath://img[@alt="Pony Express"]' is displayed.</msg>
<status status="PASS" starttime="20221007 15:50:32.335" endtime="20221007 15:50:34.393"/>
</kw>
<kw name="Element Should Be Visible" library="SeleniumLibrary">
<arg>${completeHeader}</arg>
<doc>Verifies that the element identified by ``locator`` is visible.</doc>
<msg timestamp="20221007 15:50:36.441" level="INFO">Element 'xpath://h2[@class="complete-header"]' is displayed.</msg>
<status status="PASS" starttime="20221007 15:50:34.393" endtime="20221007 15:50:36.441"/>
</kw>
<kw name="Element Text Should Be" library="SeleniumLibrary">
<arg>${completeHeader}</arg>
<arg>THANK YOU FOR YOUR ORDER</arg>
<doc>Verifies that element ``locator`` contains exact the text ``expected``.</doc>
<msg timestamp="20221007 15:50:36.441" level="WARN">Keyword 'Element Text Should Be' found both from a custom library 'SeleniumLibrary' and a standard library 'XML'. The custom keyword is used. To select explicitly, and to get rid of this warning, use either 'SeleniumLibrary.Element Text Should Be' or 'XML.Element Text Should Be'.</msg>
<msg timestamp="20221007 15:50:36.443" level="INFO">Verifying element 'xpath://h2[@class="complete-header"]' contains exact text 'THANK YOU FOR YOUR ORDER'.</msg>
<status status="PASS" starttime="20221007 15:50:36.441" endtime="20221007 15:50:38.496"/>
</kw>
<kw name="Element Should Be Visible" library="SeleniumLibrary">
<arg>${completeText}</arg>
<doc>Verifies that the element identified by ``locator`` is visible.</doc>
<msg timestamp="20221007 15:50:40.543" level="INFO">Element 'xpath://div[@class="complete-text"]' is displayed.</msg>
<status status="PASS" starttime="20221007 15:50:38.496" endtime="20221007 15:50:40.544"/>
</kw>
<kw name="Element Text Should Be" library="SeleniumLibrary">
<arg>${completeText}</arg>
<arg>Your order has been dispatched, and will arrive just as fast as the pony can get there!</arg>
<doc>Verifies that element ``locator`` contains exact the text ``expected``.</doc>
<msg timestamp="20221007 15:50:40.544" level="WARN">Keyword 'Element Text Should Be' found both from a custom library 'SeleniumLibrary' and a standard library 'XML'. The custom keyword is used. To select explicitly, and to get rid of this warning, use either 'SeleniumLibrary.Element Text Should Be' or 'XML.Element Text Should Be'.</msg>
<msg timestamp="20221007 15:50:40.544" level="INFO">Verifying element 'xpath://div[@class="complete-text"]' contains exact text 'Your order has been dispatched, and will arrive just as fast as the pony can get there!'.</msg>
<status status="PASS" starttime="20221007 15:50:40.544" endtime="20221007 15:50:42.590"/>
</kw>
<kw name="Element Should Be Visible" library="SeleniumLibrary">
<arg>${backToProductsBtn}</arg>
<doc>Verifies that the element identified by ``locator`` is visible.</doc>
<msg timestamp="20221007 15:50:44.637" level="INFO">Element 'xpath://button[@name="back-to-products"]' is displayed.</msg>
<status status="PASS" starttime="20221007 15:50:42.590" endtime="20221007 15:50:44.637"/>
</kw>
<kw name="Element Text Should Be" library="SeleniumLibrary">
<arg>${backToProductsBtn}</arg>
<arg>BACK HOME</arg>
<doc>Verifies that element ``locator`` contains exact the text ``expected``.</doc>
<msg timestamp="20221007 15:50:44.638" level="WARN">Keyword 'Element Text Should Be' found both from a custom library 'SeleniumLibrary' and a standard library 'XML'. The custom keyword is used. To select explicitly, and to get rid of this warning, use either 'SeleniumLibrary.Element Text Should Be' or 'XML.Element Text Should Be'.</msg>
<msg timestamp="20221007 15:50:44.639" level="INFO">Verifying element 'xpath://button[@name="back-to-products"]' contains exact text 'BACK HOME'.</msg>
<status status="PASS" starttime="20221007 15:50:44.638" endtime="20221007 15:50:46.684"/>
</kw>
<status status="PASS" starttime="20221007 15:50:32.335" endtime="20221007 15:50:46.684"/>
</kw>
<msg timestamp="20221007 15:50:46.685" level="INFO">Returning from the enclosing user keyword.</msg>
<status status="PASS" starttime="20221007 15:50:32.334" endtime="20221007 15:50:46.685"/>
</kw>
<status status="PASS" starttime="20221007 15:50:32.330" endtime="20221007 15:50:46.686"/>
</kw>
<kw name="Close Browser Window" library="Test_Setup" type="TEARDOWN">
<kw name="Close Browser" library="SeleniumLibrary">
<doc>Closes the current browser.</doc>
<status status="PASS" starttime="20221007 15:50:46.687" endtime="20221007 15:50:49.769"/>
</kw>
<kw name="Log To Console" library="BuiltIn">
<arg>Test Completed</arg>
<doc>Logs the given message to the console.</doc>
<status status="PASS" starttime="20221007 15:50:49.769" endtime="20221007 15:50:49.770"/>
</kw>
<status status="PASS" starttime="20221007 15:50:46.686" endtime="20221007 15:50:49.770"/>
</kw>
<tag>Regression</tag>
<tag>Smoke</tag>
<status status="PASS" starttime="20221007 15:49:46.866" endtime="20221007 15:50:49.771"/>
</test>
<doc>This file is filled with tests, and is linked to the steps file via Gherkin methodology.
Cannot mix BDD and DDT(data-driven-test), that's why there is no scenario outline.
Test setup is used for prerequired steps and starting the browser.
Test Teardown closes the browser and takes a screenshot if the test fails.</doc>
<status status="PASS" starttime="20221007 15:48:18.356" endtime="20221007 15:50:49.772"/>
</suite>
<statistics>
<total>
<stat pass="5" fail="0" skip="0">All Tests</stat>
</total>
<tag>
<stat pass="5" fail="0" skip="0">Regression</stat>
<stat pass="5" fail="0" skip="0">Smoke</stat>
</tag>
<suite>
<stat pass="5" fail="0" skip="0" id="s1" name="Swag Labs tests">Swag Labs tests</stat>
</suite>
</statistics>
<errors>
<msg timestamp="20221007 15:48:50.311" level="WARN">Keyword 'Element Text Should Be' found both from a custom library 'SeleniumLibrary' and a standard library 'XML'. The custom keyword is used. To select explicitly, and to get rid of this warning, use either 'SeleniumLibrary.Element Text Should Be' or 'XML.Element Text Should Be'.</msg>
<msg timestamp="20221007 15:49:11.001" level="WARN">Keyword 'Element Text Should Be' found both from a custom library 'SeleniumLibrary' and a standard library 'XML'. The custom keyword is used. To select explicitly, and to get rid of this warning, use either 'SeleniumLibrary.Element Text Should Be' or 'XML.Element Text Should Be'.</msg>
<msg timestamp="20221007 15:49:35.534" level="WARN">Keyword 'Element Text Should Be' found both from a custom library 'SeleniumLibrary' and a standard library 'XML'. The custom keyword is used. To select explicitly, and to get rid of this warning, use either 'SeleniumLibrary.Element Text Should Be' or 'XML.Element Text Should Be'.</msg>
<msg timestamp="20221007 15:49:41.728" level="WARN">Keyword 'Element Text Should Be' found both from a custom library 'SeleniumLibrary' and a standard library 'XML'. The custom keyword is used. To select explicitly, and to get rid of this warning, use either 'SeleniumLibrary.Element Text Should Be' or 'XML.Element Text Should Be'.</msg>
<msg timestamp="20221007 15:50:04.223" level="WARN">Keyword 'Element Text Should Be' found both from a custom library 'SeleniumLibrary' and a standard library 'XML'. The custom keyword is used. To select explicitly, and to get rid of this warning, use either 'SeleniumLibrary.Element Text Should Be' or 'XML.Element Text Should Be'.</msg>
<msg timestamp="20221007 15:50:10.438" level="WARN">Keyword 'Element Text Should Be' found both from a custom library 'SeleniumLibrary' and a standard library 'XML'. The custom keyword is used. To select explicitly, and to get rid of this warning, use either 'SeleniumLibrary.Element Text Should Be' or 'XML.Element Text Should Be'.</msg>
<msg timestamp="20221007 15:50:28.180" level="WARN">Keyword 'Element Text Should Be' found both from a custom library 'SeleniumLibrary' and a standard library 'XML'. The custom keyword is used. To select explicitly, and to get rid of this warning, use either 'SeleniumLibrary.Element Text Should Be' or 'XML.Element Text Should Be'.</msg>
<msg timestamp="20221007 15:50:36.441" level="WARN">Keyword 'Element Text Should Be' found both from a custom library 'SeleniumLibrary' and a standard library 'XML'. The custom keyword is used. To select explicitly, and to get rid of this warning, use either 'SeleniumLibrary.Element Text Should Be' or 'XML.Element Text Should Be'.</msg>
<msg timestamp="20221007 15:50:40.544" level="WARN">Keyword 'Element Text Should Be' found both from a custom library 'SeleniumLibrary' and a standard library 'XML'. The custom keyword is used. To select explicitly, and to get rid of this warning, use either 'SeleniumLibrary.Element Text Should Be' or 'XML.Element Text Should Be'.</msg>
<msg timestamp="20221007 15:50:44.638" level="WARN">Keyword 'Element Text Should Be' found both from a custom library 'SeleniumLibrary' and a standard library 'XML'. The custom keyword is used. To select explicitly, and to get rid of this warning, use either 'SeleniumLibrary.Element Text Should Be' or 'XML.Element Text Should Be'.</msg>
</errors>
</robot>
